

VIM - Vi IMproved 9.1 (2024 Jan 02, compiled Aug 01 2024 20:46:30)
Included patches: 1-648
Compiled by Arch Linux
Huge version with GTK3 GUI.  Features included (+) or not (-):
+acl               +file_in_path      +mouse_urxvt       -tag_any_white
+arabic            +find_in_path      +mouse_xterm       +tcl/dyn
+autocmd           +float             +multi_byte        +termguicolors
+autochdir         +folding           +multi_lang        +terminal
-autoservername    -footer            -mzscheme          +terminfo
+balloon_eval      +fork()            +netbeans_intg     +termresponse
+balloon_eval_term +gettext           +num64             +textobjects
+browse            -hangul_input      +packages          +textprop
++builtin_terms    +iconv             +path_extra        +timers
+byte_offset       +insert_expand     +perl/dyn          +title
+channel           +ipv6              +persistent_undo   +toolbar
+cindent           +job               +popupwin          +user_commands
+clientserver      +jumplist          +postscript        +vartabs
+clipboard         +keymap            +printer           +vertsplit
+cmdline_compl     +lambda            +profile           +vim9script
+cmdline_hist      +langmap           -python            +viminfo
+cmdline_info      +libcall           +python3/dyn       +virtualedit
+comments          +linebreak         +quickfix          +visual
+conceal           +lispindent        +reltime           +visualextra
+cryptv            +listcmds          +rightleft         +vreplace
+cscope            +localmap          +ruby/dyn          +wildignore
+cursorbind        +lua/dyn           +scrollbind        +wildmenu
+cursorshape       +menu              +signs             +windows
+dialog_con_gui    +mksession         +smartindent       +writebackup
+diff              +modify_fname      -sodium            +X11
+digraphs          +mouse             +sound             +xattr
+dnd               +mouseshape        +spell             -xfontset
-ebcdic            +mouse_dec         +startuptime       +xim
+emacs_tags        +mouse_gpm         +statusline        -xpm
+eval              -mouse_jsbterm     -sun_workshop      +xsmp_interact
+ex_extra          +mouse_netterm     +syntax            +xterm_clipboard
+extra_search      +mouse_sgr         +tag_binary        -xterm_save
-farsi             -mouse_sysmouse    -tag_old_static    
   system vimrc file: "/etc/vimrc"
     user vimrc file: "$HOME/.vimrc"
 2nd user vimrc file: "~/.vim/vimrc"
 3rd user vimrc file: "$XDG_CONFIG_HOME/vim/vimrc"
      user exrc file: "$HOME/.exrc"
  system gvimrc file: "/etc/gvimrc"
    user gvimrc file: "$HOME/.gvimrc"
2nd user gvimrc file: "~/.vim/gvimrc"
3rd user gvimrc file: "$XDG_CONFIG_HOME/vim/gvimrc"
       defaults file: "$VIMRUNTIME/defaults.vim"
    system menu file: "$VIMRUNTIME/menu.vim"
  fall-back for $VIM: "/usr/share/vim"
Compilation: gcc -c -I. -Iproto -DHAVE_CONFIG_H -DFEAT_GUI_GTK -I/usr/include/gtk-3.0 -I/usr/include/pango-1.0 -I/usr/include/cairo -I/usr/include/gdk-pixbuf-2.0 -I/usr/include/atk-1.0 -I/usr/include/freetype2 -I/usr/include/glib-2.0 -I/usr/lib/glib-2.0/include -I/usr/include/harfbuzz -I/usr/include/libmount -I/usr/include/blkid -I/usr/include/libpng16 -I/usr/include/pixman-1 -I/usr/include/cloudproviders -I/usr/include/at-spi2-atk/2.0 -I/usr/include/at-spi-2.0 -I/usr/include/dbus-1.0 -I/usr/lib/dbus-1.0/include -I/usr/include/fribidi -I/usr/include/sysprof-6 -pthread -I/usr/include/gio-unix-2.0 -march=x86-64 -mtune=generic -O2 -pipe -fno-plt -fexceptions -Wformat -Werror=format-security -fstack-clash-protection -fcf-protection -fno-omit-frame-pointer -mno-omit-leaf-frame-pointer -g -ffile-prefix-map=/build/vim/src=/usr/src/debug/vim -flto=auto -D_REENTRANT -U_FORTIFY_SOURCE -D_FORTIFY_SOURCE=1 
Linking: gcc -Wl,-E -Wl,-rpath,/usr/lib/perl5/5.38/core_perl/CORE -Wl,-O1 -Wl,--sort-common -Wl,--as-needed -Wl,-z,relro -Wl,-z,now -Wl,-z,pack-relative-relocs -flto=auto -L/usr/local/lib -o vim -lgtk-3 -lgdk-3 -lz -lharfbuzz -lpangocairo-1.0 -lpango-1.0 -latk-1.0 -lcairo -lcairo-gobject -lgdk_pixbuf-2.0 -lgio-2.0 -lglib-2.0 -lgobject-2.0 -lSM -lICE -lXt -lX11 -lXdmcp -lSM -lICE -lm -ltinfo -lcanberra -lacl -lattr -lgpm -L/usr/lib -ltclstub8.6 -ldl -lz -lpthread -lm 1970-01-01 09:59:08.395768: AutoUpdate called [/home/giz73/FIPU/Godina_1/Semestar_2/Programsko_inzenjerstvo/Projekt/Caffe_reservations/caffereservations/src/App.vue]
1970-01-01 09:59:08.396406: Vim filetype: 'vue', sanitized filetype: 'vue'
1970-01-01 09:59:08.396644: Checking if file is valid [/home/giz73/FIPU/Godina_1/Semestar_2/Programsko_inzenjerstvo/Projekt/Caffe_reservations/caffereservations/src/App.vue]
1970-01-01 09:59:08.397232: Unsupported filetype: vue
1970-01-01 09:59:08.397498: Not a valid file, stopping processing
1970-01-01 09:59:21.225032: ToggleWindow called
1970-01-01 09:59:21.225721: OpenWindow called with flags: ''
1970-01-01 09:59:21.250791: AutoUpdate called [/home/giz73/FIPU/Godina_1/Semestar_2/Programsko_inzenjerstvo/Projekt/Caffe_reservations/caffereservations/src/__Tagbar__.1]
1970-01-01 09:59:21.250879: Still opening window, stopping processing
1970-01-01 09:59:21.263717: InitWindow called with autoclose: 0
1970-01-01 09:59:21.267878: AutoUpdate called [/home/giz73/FIPU/Godina_1/Semestar_2/Programsko_inzenjerstvo/Projekt/Caffe_reservations/caffereservations/src/__Tagbar__.1]
1970-01-01 09:59:21.267986: In Tagbar window, stopping processing
1970-01-01 09:59:21.271697: InitWindow finished
1970-01-01 09:59:21.271791: AutoUpdate called [/home/giz73/FIPU/Godina_1/Semestar_2/Programsko_inzenjerstvo/Projekt/Caffe_reservations/caffereservations/src/App.vue]
1970-01-01 09:59:21.271882: Vim filetype: 'vue', sanitized filetype: 'vue'
1970-01-01 09:59:21.271924: Checking if file is valid [/home/giz73/FIPU/Godina_1/Semestar_2/Programsko_inzenjerstvo/Projekt/Caffe_reservations/caffereservations/src/App.vue]
1970-01-01 09:59:21.272031: Unsupported filetype: vue
1970-01-01 09:59:21.272070: Not a valid file, stopping processing
1970-01-01 09:59:21.311263: AutoUpdate called [/home/giz73/FIPU/Godina_1/Semestar_2/Programsko_inzenjerstvo/Projekt/Caffe_reservations/caffereservations/src/App.vue]
1970-01-01 09:59:21.311397: Vim filetype: 'vue', sanitized filetype: 'vue'
1970-01-01 09:59:21.311443: Checking if file is valid [/home/giz73/FIPU/Godina_1/Semestar_2/Programsko_inzenjerstvo/Projekt/Caffe_reservations/caffereservations/src/App.vue]
1970-01-01 09:59:21.311553: Unsupported filetype: vue
1970-01-01 09:59:21.311599: Not a valid file, stopping processing
1970-01-01 09:59:21.311766: OpenWindow finished
1970-01-01 09:59:21.311815: ToggleWindow finished
1970-01-01 09:59:24.562098: ToggleWindow called
1970-01-01 09:59:24.562327: CloseWindow called
1970-01-01 09:59:24.562665: goto_win(): 2wincmd w, 0
1970-01-01 09:59:24.585234: AutoUpdate called [/home/giz73/FIPU/Godina_1/Semestar_2/Programsko_inzenjerstvo/Projekt/Caffe_reservations/caffereservations/src/__Tagbar__.1]
1970-01-01 09:59:24.585452: In Tagbar window, stopping processing
1970-01-01 09:59:24.599973: AutoUpdate called [/home/giz73/FIPU/Godina_1/Semestar_2/Programsko_inzenjerstvo/Projekt/Caffe_reservations/caffereservations/src/App.vue]
1970-01-01 09:59:24.600078: Vim filetype: 'vue', sanitized filetype: 'vue'
1970-01-01 09:59:24.600127: Checking if file is valid [/home/giz73/FIPU/Godina_1/Semestar_2/Programsko_inzenjerstvo/Projekt/Caffe_reservations/caffereservations/src/App.vue]
1970-01-01 09:59:24.600226: Unsupported filetype: vue
1970-01-01 09:59:24.600277: Not a valid file, stopping processing
1970-01-01 09:59:24.600433: goto_win(): 1wincmd w, 0
1970-01-01 09:59:24.600496: CloseWindow finished
1970-01-01 10:00:28.605992: AutoUpdate called [/home/giz73/FIPU/Godina_1/Semestar_2/Programsko_inzenjerstvo/Projekt/Caffe_reservations/caffereservations/src/App.vue]
1970-01-01 10:00:28.606753: Vim filetype: 'vue', sanitized filetype: 'vue'
1970-01-01 10:00:28.607648: Checking if file is valid [/home/giz73/FIPU/Godina_1/Semestar_2/Programsko_inzenjerstvo/Projekt/Caffe_reservations/caffereservations/src/App.vue]
1970-01-01 10:00:28.608887: Unsupported filetype: vue
1970-01-01 10:00:28.609474: Not a valid file, stopping processing
